# JRE version: OpenJDK Runtime Environment (15.0.2+7) (build 15.0.2+7-27)
# Java VM: OpenJDK 64-Bit Server VM (15.0.2+7-27, mixed mode, tiered, compressed oops, g1 gc, windows-amd64)
GC Precious Log:
 CPUs: 8 total, 8 available
 Memory: 3498M
 Large Page Support: Disabled
 NUMA Support: Disabled
 Compressed Oops: Enabled (32-bit)
 Heap Region Size: 1M
 Heap Min Capacity: 8M
 Heap Initial Capacity: 56M
 Heap Max Capacity: 876M
 Pre-touch: Disabled
 Parallel Workers: 8
 Concurrent Workers: 2
 Concurrent Refinement Workers: 8
 Periodic GC: Disabled
Heap:
 garbage-first heap   total 34816K, used 19184K [0x00000000c9400000, 0x0000000100000000)
  region size 1024K, 11 young (11264K), 1 survivors (1024K)
 Metaspace       used 26407K, capacity 26663K, committed 26880K, reserved 1073152K
  class space    used 2843K, capacity 2945K, committed 3072K, reserved 1048576K
GC Heap History (10 events):
Event: 1.641 GC heap before
{Heap before GC invocations=0 (full 0):
 garbage-first heap   total 57344K, used 23552K [0x00000000c9400000, 0x0000000100000000)
  region size 1024K, 23 young (23552K), 0 survivors (0K)
 Metaspace       used 16840K, capacity 17031K, committed 17152K, reserved 1064960K
  class space    used 1678K, capacity 1725K, committed 1792K, reserved 1048576K
}
Event: 1.650 GC heap after
{Heap after GC invocations=1 (full 0):
 garbage-first heap   total 57344K, used 7530K [0x00000000c9400000, 0x0000000100000000)
  region size 1024K, 3 young (3072K), 3 survivors (3072K)
 Metaspace       used 16840K, capacity 17031K, committed 17152K, reserved 1064960K
  class space    used 1678K, capacity 1725K, committed 1792K, reserved 1048576K
}
Event: 4.743 GC heap before
{Heap before GC invocations=1 (full 0):
 garbage-first heap   total 57344K, used 16746K [0x00000000c9400000, 0x0000000100000000)
  region size 1024K, 13 young (13312K), 3 survivors (3072K)
 Metaspace       used 20951K, capacity 21107K, committed 21248K, reserved 1069056K
  class space    used 2141K, capacity 2207K, committed 2304K, reserved 1048576K
}
Event: 4.748 GC heap after
{Heap after GC invocations=2 (full 0):
 garbage-first heap   total 57344K, used 8546K [0x00000000c9400000, 0x0000000100000000)
  region size 1024K, 1 young (1024K), 1 survivors (1024K)
 Metaspace       used 20951K, capacity 21107K, committed 21248K, reserved 1069056K
  class space    used 2141K, capacity 2207K, committed 2304K, reserved 1048576K
}
Event: 21.087 GC heap before
{Heap before GC invocations=3 (full 0):
 garbage-first heap   total 34816K, used 30050K [0x00000000c9400000, 0x0000000100000000)
  region size 1024K, 22 young (22528K), 1 survivors (1024K)
 Metaspace       used 25866K, capacity 26069K, committed 26240K, reserved 1073152K
  class space    used 2800K, capacity 2878K, committed 2944K, reserved 1048576K
}
Event: 21.090 GC heap after
{Heap after GC invocations=4 (full 0):
 garbage-first heap   total 34816K, used 9936K [0x00000000c9400000, 0x0000000100000000)
  region size 1024K, 3 young (3072K), 3 survivors (3072K)
 Metaspace       used 25866K, capacity 26069K, committed 26240K, reserved 1073152K
  class space    used 2800K, capacity 2878K, committed 2944K, reserved 1048576K
}
Event: 24.222 GC heap before
{Heap before GC invocations=4 (full 0):
 garbage-first heap   total 34816K, used 23248K [0x00000000c9400000, 0x0000000100000000)
  region size 1024K, 16 young (16384K), 3 survivors (3072K)
 Metaspace       used 26024K, capacity 26293K, committed 26496K, reserved 1073152K
  class space    used 2807K, capacity 2910K, committed 2944K, reserved 1048576K
}
Event: 24.225 GC heap after
{Heap after GC invocations=5 (full 0):
 garbage-first heap   total 34816K, used 10124K [0x00000000c9400000, 0x0000000100000000)
  region size 1024K, 1 young (1024K), 1 survivors (1024K)
 Metaspace       used 26024K, capacity 26293K, committed 26496K, reserved 1073152K
  class space    used 2807K, capacity 2910K, committed 2944K, reserved 1048576K
}
Event: 26.130 GC heap before
{Heap before GC invocations=5 (full 0):
 garbage-first heap   total 34816K, used 24460K [0x00000000c9400000, 0x0000000100000000)
  region size 1024K, 15 young (15360K), 1 survivors (1024K)
 Metaspace       used 26084K, capacity 26357K, committed 26496K, reserved 1073152K
  class space    used 2807K, capacity 2910K, committed 2944K, reserved 1048576K
}
Event: 26.131 GC heap after
{Heap after GC invocations=6 (full 0):
 garbage-first heap   total 34816K, used 9968K [0x00000000c9400000, 0x0000000100000000)
  region size 1024K, 1 young (1024K), 1 survivors (1024K)
 Metaspace       used 26084K, capacity 26357K, committed 26496K, reserved 1073152K
  class space    used 2807K, capacity 2910K, committed 2944K, reserved 1048576K
}

